<?xml version="1.0" encoding="UTF-8"?>
<testsuite name="com.company.app.module.constraint.validator.FooExtendsValidatorTest" time="0.001" tests="1" errors="1" skipped="0" failures="0">
  <properties>
[...]
</properties>
  <testcase name="testValid" classname="com.company.app.module.constraint.validator.FooExtendsValidatorTest" time="0.001">
    <error message="(class: com/company/app/module/constraint/validator/FooExtendsValidator$$EnhancerByCGLIB$$eff15a95, method: CGLIB$isValid$0 signature: (Ljava/lang/Object;Ljavax/validation/ConstraintValidatorContext;)Z) Incompatible argument to function" type="java.lang.VerifyError">java.lang.VerifyError: (class: com/company/app/module/constraint/validator/FooExtendsValidator$$EnhancerByCGLIB$$eff15a95, method: CGLIB$isValid$0 signature: (Ljava/lang/Object;Ljavax/validation/ConstraintValidatorContext;)Z) Incompatible argument to function
	at java.lang.Class.forName0(Native Method)
	at java.lang.Class.forName(Class.java:340)
	at net.sf.cglib.core.ReflectUtils.defineClass(ReflectUtils.java:386)
	at net.sf.cglib.core.AbstractClassGenerator.create(AbstractClassGenerator.java:219)
	at net.sf.cglib.proxy.Enhancer.createHelper(Enhancer.java:377)
	at net.sf.cglib.proxy.Enhancer.createClass(Enhancer.java:317)
	at org.easymock.internal.ClassProxyFactory.createProxy(ClassProxyFactory.java:175)
	at org.easymock.internal.MocksControl.createMock(MocksControl.java:114)
	at org.easymock.internal.MocksControl.createMock(MocksControl.java:88)
	at org.easymock.internal.MockBuilder.createMock(MockBuilder.java:206)
	at org.easymock.internal.MockBuilder.createMock(MockBuilder.java:219)
	at org.easymock.internal.MockBuilder.createMock(MockBuilder.java:188)
	at com.company.app.module.constraint.validator.FooExtendsValidatorTest.createPartialMock(FooExtendsValidatorTest.java:38)
	at com.company.app.module.constraint.validator.FooExtendsValidatorTest.testValid(FooExtendsValidatorTest.java:25)
</error>
  </testcase>
</testsuite>